<?xml version="1.0" encoding="UTF-8"?>
<coverage generated="1662826220401" clover="3.2.0">
  <project timestamp="1662826220402" name="All files">
    <metrics statements="7" coveredstatements="5" conditionals="0" coveredconditionals="0" methods="2" coveredmethods="0" elements="9" coveredelements="5" complexity="0" loc="7" ncloc="7" packages="2" files="4" classes="4"/>
    <package name="Components.Background">
      <metrics statements="4" coveredstatements="3" conditionals="0" coveredconditionals="0" methods="1" coveredmethods="0"/>
      <file name="index.tsx" path="/Users/juliocosta/Desktop/dev/WeatherBuildersApp/Src/Components/Background/index.tsx">
        <metrics statements="2" coveredstatements="1" conditionals="0" coveredconditionals="0" methods="1" coveredmethods="0"/>
        <line num="17" count="1" type="stmt"/>
        <line num="21" count="0" type="stmt"/>
      </file>
      <file name="styles.tsx" path="/Users/juliocosta/Desktop/dev/WeatherBuildersApp/Src/Components/Background/styles.tsx">
        <metrics statements="2" coveredstatements="2" conditionals="0" coveredconditionals="0" methods="0" coveredmethods="0"/>
        <line num="3" count="1" type="stmt"/>
        <line num="7" count="1" type="stmt"/>
      </file>
    </package>
    <package name="Pages.HomeScreen">
      <metrics statements="3" coveredstatements="2" conditionals="0" coveredconditionals="0" methods="1" coveredmethods="0"/>
      <file name="index.tsx" path="/Users/juliocosta/Desktop/dev/WeatherBuildersApp/Src/Pages/HomeScreen/index.tsx">
        <metrics statements="2" coveredstatements="1" conditionals="0" coveredconditionals="0" methods="1" coveredmethods="0"/>
        <line num="9" count="1" type="stmt"/>
        <line num="10" count="0" type="stmt"/>
      </file>
      <file name="styles.tsx" path="/Users/juliocosta/Desktop/dev/WeatherBuildersApp/Src/Pages/HomeScreen/styles.tsx">
        <metrics statements="1" coveredstatements="1" conditionals="0" coveredconditionals="0" methods="0" coveredmethods="0"/>
        <line num="3" count="1" type="stmt"/>
      </file>
    </package>
  </project>
</coverage>
