<?xml version="1.0" encoding="UTF-8"?>
<coverage generated="1662820033220" clover="3.2.0">
  <project timestamp="1662820033220" name="All files">
    <metrics statements="3" coveredstatements="0" conditionals="0" coveredconditionals="0" methods="0" coveredmethods="0" elements="3" coveredelements="0" complexity="0" loc="3" ncloc="3" packages="1" files="2" classes="2"/>
    <file name=".eslintrc.js" path="/Users/juliocosta/Desktop/dev/WeatherBuildersApp/.eslintrc.js">
      <metrics statements="1" coveredstatements="0" conditionals="0" coveredconditionals="0" methods="0" coveredmethods="0"/>
      <line num="1" count="0" type="stmt"/>
    </file>
    <file name="metro.config.js" path="/Users/juliocosta/Desktop/dev/WeatherBuildersApp/metro.config.js">
      <metrics statements="2" coveredstatements="0" conditionals="0" coveredconditionals="0" methods="0" coveredmethods="0"/>
      <line num="2" count="0" type="stmt"/>
      <line num="4" count="0" type="stmt"/>
    </file>
  </project>
</coverage>
