{"/Users/juliocosta/Desktop/dev/WeatherBuildersApp/Src/Components/Background/index.tsx": {"path":"/Users/juliocosta/Desktop/dev/WeatherBuildersApp/Src/Components/Background/index.tsx","statementMap":{"0":{"start":{"line":17,"column":54},"end":{"line":29,"column":1}},"1":{"start":{"line":21,"column":2},"end":{"line":28,"column":4}}},"fnMap":{"0":{"name":"(anonymous_0)","decl":{"start":{"line":17,"column":54},"end":{"line":17,"column":55}},"loc":{"start":{"line":20,"column":6},"end":{"line":29,"column":1}},"line":20}},"branchMap":{},"s":{"0":1,"1":0},"f":{"0":0},"b":{},"_coverageSchema":"1a1c01bbd47fc00a2c39e90264f33305004495a9","hash":"122cb7899e8b147ee342ec140bb8f71a361ccb50"}
,"/Users/juliocosta/Desktop/dev/WeatherBuildersApp/Src/Components/Background/styles.tsx": {"path":"/Users/juliocosta/Desktop/dev/WeatherBuildersApp/Src/Components/Background/styles.tsx","statementMap":{"0":{"start":{"line":3,"column":25},"end":{"line":5,"column":1}},"1":{"start":{"line":7,"column":31},"end":{"line":9,"column":1}}},"fnMap":{},"branchMap":{},"s":{"0":1,"1":1},"f":{},"b":{},"_coverageSchema":"1a1c01bbd47fc00a2c39e90264f33305004495a9","hash":"8dc8f73a8a9bfd9a9fba4487c9c5adfe6a4c668e"}
,"/Users/juliocosta/Desktop/dev/WeatherBuildersApp/Src/Pages/HomeScreen/index.tsx": {"path":"/Users/juliocosta/Desktop/dev/WeatherBuildersApp/Src/Pages/HomeScreen/index.tsx","statementMap":{"0":{"start":{"line":9,"column":54},"end":{"line":18,"column":1}},"1":{"start":{"line":10,"column":2},"end":{"line":17,"column":4}}},"fnMap":{"0":{"name":"(anonymous_0)","decl":{"start":{"line":9,"column":54},"end":{"line":9,"column":55}},"loc":{"start":{"line":9,"column":62},"end":{"line":18,"column":1}},"line":9}},"branchMap":{},"s":{"0":1,"1":0},"f":{"0":0},"b":{},"_coverageSchema":"1a1c01bbd47fc00a2c39e90264f33305004495a9","hash":"00a8dd0ffa4c6a26c53552929d7924124ed5db7b"}
,"/Users/juliocosta/Desktop/dev/WeatherBuildersApp/Src/Pages/HomeScreen/styles.tsx": {"path":"/Users/juliocosta/Desktop/dev/WeatherBuildersApp/Src/Pages/HomeScreen/styles.tsx","statementMap":{"0":{"start":{"line":3,"column":25},"end":{"line":5,"column":1}}},"fnMap":{},"branchMap":{},"s":{"0":1},"f":{},"b":{},"_coverageSchema":"1a1c01bbd47fc00a2c39e90264f33305004495a9","hash":"935197cfbdb825bcb2eacba7864ce429e99b6e14"}
}
