{"/Users/juliocosta/Desktop/dev/WeatherBuildersApp/.eslintrc.js": {"path":"/Users/juliocosta/Desktop/dev/WeatherBuildersApp/.eslintrc.js","statementMap":{"0":{"start":{"line":1,"column":0},"end":{"line":4,"column":2}}},"fnMap":{},"branchMap":{},"s":{"0":0},"f":{},"b":{}}
,"/Users/juliocosta/Desktop/dev/WeatherBuildersApp/metro.config.js": {"path":"/Users/juliocosta/Desktop/dev/WeatherBuildersApp/metro.config.js","statementMap":{"0":{"start":{"line":2,"column":29},"end":{"line":2,"column":57}},"1":{"start":{"line":4,"column":0},"end":{"line":4,"column":45}}},"fnMap":{},"branchMap":{},"s":{"0":0,"1":0},"f":{},"b":{}}
}
